mode: set
db_adapter/adapter.go:25.59,28.16 3 1
db_adapter/adapter.go:28.16,30.13 2 0
db_adapter/adapter.go:33.2,36.16 3 1
db_adapter/adapter.go:36.16,39.3 2 0
db_adapter/adapter.go:41.2,42.16 2 1
db_adapter/adapter.go:42.16,44.3 1 0
db_adapter/adapter.go:46.2,46.12 1 1
db_adapter/adapter.go:49.63,51.37 2 1
db_adapter/adapter.go:51.37,53.3 1 1
db_adapter/adapter.go:53.8,55.3 1 1
db_adapter/adapter.go:57.2,57.18 1 1
db_adapter/adapter.go:60.61,62.35 2 1
db_adapter/adapter.go:62.35,64.3 1 1
db_adapter/adapter.go:64.8,66.3 1 1
db_adapter/adapter.go:68.2,68.16 1 1
db_adapter/adapter.go:71.60,74.16 2 1
db_adapter/adapter.go:74.16,77.3 2 0
db_adapter/adapter.go:79.2,81.16 2 1
db_adapter/adapter.go:81.16,84.3 2 0
db_adapter/adapter.go:86.2,86.12 1 1
db_adapter/adapter.go:89.68,97.31 2 1
db_adapter/adapter.go:97.31,99.17 2 1
db_adapter/adapter.go:99.17,101.4 1 0
db_adapter/adapter.go:104.2,104.12 1 1
db_adapter/adapter.go:107.84,108.47 1 1
db_adapter/adapter.go:108.47,110.17 2 1
db_adapter/adapter.go:110.17,116.4 2 0
db_adapter/adapter.go:119.2,119.12 1 1
db_adapter/adapter.go:122.82,124.52 1 1
db_adapter/adapter.go:124.52,127.3 2 0
db_adapter/adapter.go:129.2,131.67 2 1
db_adapter/adapter.go:131.67,134.3 2 1
db_adapter/adapter.go:136.2,140.24 1 1
db_adapter/adapter.go:140.24,143.3 2 0
db_adapter/adapter.go:145.2,145.12 1 1
db_adapter/adapter.go:148.84,149.52 1 1
db_adapter/adapter.go:149.52,152.3 2 0
db_adapter/adapter.go:154.2,157.16 3 1
db_adapter/adapter.go:157.16,159.3 1 1
db_adapter/adapter.go:161.2,166.24 1 1
db_adapter/adapter.go:166.24,169.4 2 0
db_adapter/adapter.go:171.2,171.12 1 1
db_adapter/adapter.go:174.101,175.52 1 1
db_adapter/adapter.go:175.52,178.3 2 0
db_adapter/adapter.go:180.2,183.16 3 1
db_adapter/adapter.go:183.16,185.3 1 1
db_adapter/adapter.go:187.2,187.31 1 1
db_adapter/adapter.go:187.31,190.3 2 1
db_adapter/adapter.go:192.2,192.18 1 1
db_adapter/adapter.go:195.106,197.68 2 1
db_adapter/adapter.go:197.68,200.3 2 1
db_adapter/adapter.go:202.2,202.18 1 1
db_adapter/adapter.go:205.106,209.52 3 1
db_adapter/adapter.go:209.52,212.3 2 0
db_adapter/adapter.go:214.2,216.86 2 1
db_adapter/adapter.go:216.86,219.3 2 1
db_adapter/adapter.go:221.2,221.45 1 1
db_adapter/adapter.go:221.45,225.3 3 0
db_adapter/adapter.go:227.2,228.16 2 1
db_adapter/adapter.go:228.16,230.3 1 0
db_adapter/adapter.go:232.2,233.16 2 1
db_adapter/adapter.go:233.16,235.3 1 0
db_adapter/adapter.go:237.2,246.117 2 1
db_adapter/adapter.go:246.117,249.3 2 0
db_adapter/adapter.go:251.2,251.18 1 1
db_adapter/adapter.go:254.100,258.2 1 0
db_adapter/adapter.go:260.84,262.42 2 1
db_adapter/adapter.go:262.42,265.3 2 0
db_adapter/adapter.go:267.2,268.23 2 1
db_adapter/adapter.go:271.68,272.59 1 1
db_adapter/adapter.go:272.59,274.3 1 1
db_adapter/adapter.go:274.8,274.63 1 1
db_adapter/adapter.go:274.63,276.3 1 1
db_adapter/adapter.go:276.8,279.3 2 1
db_adapter/adapter.go:282.76,283.52 1 1
db_adapter/adapter.go:283.52,286.3 2 0
db_adapter/adapter.go:288.2,291.91 3 1
db_adapter/adapter.go:291.91,294.3 2 0
db_adapter/adapter.go:296.2,296.12 1 1
db_adapter/adapter.go:299.73,300.52 1 1
db_adapter/adapter.go:300.52,303.3 2 0
db_adapter/adapter.go:305.2,309.12 2 1
